{"uuid":"ae6af772-4af1-4095-b99f-46861dc1ab7d","historyId":"2880221bd7ff78415a61dd48a355e378","fullName":"io.cucumber.testng.AbstractTestNGCucumberTests.setUpClass","labels":[{"name":"package","value":"com.automationframework.runners.SwagLabsRunner"},{"name":"testClass","value":"com.automationframework.runners.SwagLabsRunner"},{"name":"testMethod","value":"setUpClass"},{"name":"parentSuite","value":"Default Suite"},{"name":"suite","value":"ecommerce-automation"},{"name":"subSuite","value":"com.automationframework.runners.SwagLabsRunner"},{"name":"host","value":"Agilas-MacBook-Pro.local"},{"name":"thread","value":"86200@Agilas-MacBook-Pro.local.main(1)"},{"name":"framework","value":"testng"},{"name":"language","value":"java"},{"name":"AS_ID","value":"-1"}],"links":[],"name":"setUpClass","status":"broken","statusDetails":{"known":false,"muted":false,"flaky":false,"message":"Couldn't create a file output stream for 'target/cucumber-reports'.\nMake sure the the file isn't a directory.\n\nNote: This usually happens when plugins write to colliding paths.\nFor example: 'json:target/cucumber/report.json, html:target/cucumber'\nYou can fix this by making the paths do no collide.\nFor example: 'json:target/cucumber/report.json, html:target/cucumber/report.html'\nThe details are in the stack trace below:","trace":"java.lang.IllegalArgumentException: Couldn't create a file output stream for 'target/cucumber-reports'.\nMake sure the the file isn't a directory.\n\nNote: This usually happens when plugins write to colliding paths.\nFor example: 'json:target/cucumber/report.json, html:target/cucumber'\nYou can fix this by making the paths do no collide.\nFor example: 'json:target/cucumber/report.json, html:target/cucumber/report.html'\nThe details are in the stack trace below:\n\tat io.cucumber.core.plugin.PluginFactory.createFileOutputStream(PluginFactory.java:240)\n\tat io.cucumber.core.plugin.PluginFactory.openStream(PluginFactory.java:199)\n\tat io.cucumber.core.plugin.PluginFactory.convert(PluginFactory.java:166)\n\tat io.cucumber.core.plugin.PluginFactory.instantiate(PluginFactory.java:99)\n\tat io.cucumber.core.plugin.PluginFactory.create(PluginFactory.java:63)\n\tat io.cucumber.core.plugin.Plugins.createPlugins(Plugins.java:32)\n\tat io.cucumber.core.plugin.Plugins.<init>(Plugins.java:25)\n\tat io.cucumber.testng.TestNGCucumberRunner.<init>(TestNGCucumberRunner.java:111)\n\tat io.cucumber.testng.AbstractTestNGCucumberTests.setUpClass(AbstractTestNGCucumberTests.java:27)\n\tat java.base/jdk.internal.reflect.NativeMethodAccessorImpl.invoke0(Native Method)\n\tat java.base/jdk.internal.reflect.NativeMethodAccessorImpl.invoke(NativeMethodAccessorImpl.java:77)\n\tat java.base/jdk.internal.reflect.DelegatingMethodAccessorImpl.invoke(DelegatingMethodAccessorImpl.java:43)\n\tat java.base/java.lang.reflect.Method.invoke(Method.java:569)\n\tat org.testng.internal.invokers.MethodInvocationHelper.invokeMethod(MethodInvocationHelper.java:139)\n\tat org.testng.internal.invokers.MethodInvocationHelper.invokeMethodConsideringTimeout(MethodInvocationHelper.java:69)\n\tat org.testng.internal.invokers.ConfigInvoker.invokeConfigurationMethod(ConfigInvoker.java:393)\n\tat org.testng.internal.invokers.ConfigInvoker.invokeConfigurations(ConfigInvoker.java:326)\n\tat org.testng.internal.invokers.TestMethodWorker.invokeBeforeClassMethods(TestMethodWorker.java:180)\n\tat org.testng.internal.invokers.TestMethodWorker.run(TestMethodWorker.java:122)\n\tat java.base/java.util.ArrayList.forEach(ArrayList.java:1511)\n\tat org.testng.TestRunner.privateRun(TestRunner.java:819)\n\tat org.testng.TestRunner.run(TestRunner.java:619)\n\tat org.testng.SuiteRunner.runTest(SuiteRunner.java:443)\n\tat org.testng.SuiteRunner.runSequentially(SuiteRunner.java:437)\n\tat org.testng.SuiteRunner.privateRun(SuiteRunner.java:397)\n\tat org.testng.SuiteRunner.run(SuiteRunner.java:336)\n\tat org.testng.SuiteRunnerWorker.runSuite(SuiteRunnerWorker.java:52)\n\tat org.testng.SuiteRunnerWorker.run(SuiteRunnerWorker.java:95)\n\tat org.testng.TestNG.runSuitesSequentially(TestNG.java:1301)\n\tat org.testng.TestNG.runSuitesLocally(TestNG.java:1228)\n\tat org.testng.TestNG.runSuites(TestNG.java:1134)\n\tat org.testng.TestNG.run(TestNG.java:1101)\n\tat com.intellij.rt.testng.IDEARemoteTestNG.run(IDEARemoteTestNG.java:66)\n\tat com.intellij.rt.testng.RemoteTestNGStarter.main(RemoteTestNGStarter.java:109)\nCaused by: java.io.FileNotFoundException: /Users/agilaethiraj/Downloads/ecommerce-automation/target/cucumber-reports (Is a directory)\n\tat java.base/java.io.FileOutputStream.open0(Native Method)\n\tat java.base/java.io.FileOutputStream.open(FileOutputStream.java:293)\n\tat java.base/java.io.FileOutputStream.<init>(FileOutputStream.java:235)\n\tat java.base/java.io.FileOutputStream.<init>(FileOutputStream.java:184)\n\tat io.cucumber.core.plugin.PluginFactory.createFileOutputStream(PluginFactory.java:237)\n\t... 33 more\n"},"stage":"finished","steps":[],"attachments":[],"parameters":[],"start":1757385509792,"stop":1757385509795}